Analysis & Synthesis report for pt2
Fri Oct 12 10:57:30 2018
Quartus Prime Version 18.0.0 Build 614 04/24/2018 SJ Lite Edition


---------------------
; Table of Contents ;
---------------------
  1. Legal Notice
  2. Analysis & Synthesis Summary
  3. Analysis & Synthesis Settings
  4. Parallel Compilation
  5. Analysis & Synthesis Source Files Read
  6. Analysis & Synthesis Resource Usage Summary
  7. Analysis & Synthesis Resource Utilization by Entity
  8. State Machine - |slc3|ISDU:state_controller|State
  9. Registers Removed During Synthesis
 10. General Register Statistics
 11. Multiplexer Restructuring Statistics (Restructuring Performed)
 12. Parameter Settings for User Entity Instance: datapath:d0|mux4to1:pcmux
 13. Parameter Settings for User Entity Instance: datapath:d0|mux2to1:addr1mux
 14. Parameter Settings for User Entity Instance: datapath:d0|mux4to1:addr2mux
 15. Parameter Settings for User Entity Instance: datapath:d0|mux2to1:drmux
 16. Parameter Settings for User Entity Instance: datapath:d0|mux2to1:sr1mux
 17. Parameter Settings for User Entity Instance: datapath:d0|mux2to1:sr2mux
 18. Parameter Settings for User Entity Instance: datapath:d0|mux2to1:mdrmux
 19. Parameter Settings for User Entity Instance: tristate:tr0
 20. Port Connectivity Checks: "Mem2IO:memory_subsystem"
 21. Port Connectivity Checks: "datapath:d0|mux2to1:drmux"
 22. Port Connectivity Checks: "datapath:d0|mux4to1:addr2mux"
 23. Port Connectivity Checks: "datapath:d0"
 24. Post-Synthesis Netlist Statistics for Top Partition
 25. Elapsed Time Per Partition
 26. Analysis & Synthesis Messages
 27. Analysis & Synthesis Suppressed Messages



----------------
; Legal Notice ;
----------------
Copyright (C) 2018  Intel Corporation. All rights reserved.
Your use of Intel Corporation's design tools, logic functions 
and other software and tools, and its AMPP partner logic 
functions, and any output files from any of the foregoing 
(including device programming or simulation files), and any 
associated documentation or information are expressly subject 
to the terms and conditions of the Intel Program License 
Subscription Agreement, the Intel Quartus Prime License Agreement,
the Intel FPGA IP License Agreement, or other applicable license
agreement, including, without limitation, that your use is for
the sole purpose of programming logic devices manufactured by
Intel and sold by Intel or its authorized distributors.  Please
refer to the applicable agreement for further details.



+----------------------------------------------------------------------------------+
; Analysis & Synthesis Summary                                                     ;
+------------------------------------+---------------------------------------------+
; Analysis & Synthesis Status        ; Successful - Fri Oct 12 10:57:29 2018       ;
; Quartus Prime Version              ; 18.0.0 Build 614 04/24/2018 SJ Lite Edition ;
; Revision Name                      ; pt2                                         ;
; Top-level Entity Name              ; slc3                                        ;
; Family                             ; Cyclone IV E                                ;
; Total logic elements               ; 806                                         ;
;     Total combinational functions  ; 630                                         ;
;     Dedicated logic registers      ; 283                                         ;
; Total registers                    ; 283                                         ;
; Total pins                         ; 129                                         ;
; Total virtual pins                 ; 0                                           ;
; Total memory bits                  ; 0                                           ;
; Embedded Multiplier 9-bit elements ; 0                                           ;
; Total PLLs                         ; 0                                           ;
+------------------------------------+---------------------------------------------+


+------------------------------------------------------------------------------------------------------------+
; Analysis & Synthesis Settings                                                                              ;
+------------------------------------------------------------------+--------------------+--------------------+
; Option                                                           ; Setting            ; Default Value      ;
+------------------------------------------------------------------+--------------------+--------------------+
; Device                                                           ; EP4CE115F29C7      ;                    ;
; Top-level entity name                                            ; slc3               ; pt2                ;
; Family name                                                      ; Cyclone IV E       ; Cyclone V          ;
; Use smart compilation                                            ; Off                ; Off                ;
; Enable parallel Assembler and Timing Analyzer during compilation ; On                 ; On                 ;
; Enable compact report table                                      ; Off                ; Off                ;
; Restructure Multiplexers                                         ; Auto               ; Auto               ;
; Create Debugging Nodes for IP Cores                              ; Off                ; Off                ;
; Preserve fewer node names                                        ; On                 ; On                 ;
; Intel FPGA IP Evaluation Mode                                    ; Enable             ; Enable             ;
; Verilog Version                                                  ; Verilog_2001       ; Verilog_2001       ;
; VHDL Version                                                     ; VHDL_1993          ; VHDL_1993          ;
; State Machine Processing                                         ; Auto               ; Auto               ;
; Safe State Machine                                               ; Off                ; Off                ;
; Extract Verilog State Machines                                   ; On                 ; On                 ;
; Extract VHDL State Machines                                      ; On                 ; On                 ;
; Ignore Verilog initial constructs                                ; Off                ; Off                ;
; Iteration limit for constant Verilog loops                       ; 5000               ; 5000               ;
; Iteration limit for non-constant Verilog loops                   ; 250                ; 250                ;
; Add Pass-Through Logic to Inferred RAMs                          ; On                 ; On                 ;
; Infer RAMs from Raw Logic                                        ; On                 ; On                 ;
; Parallel Synthesis                                               ; On                 ; On                 ;
; DSP Block Balancing                                              ; Auto               ; Auto               ;
; NOT Gate Push-Back                                               ; On                 ; On                 ;
; Power-Up Don't Care                                              ; On                 ; On                 ;
; Remove Redundant Logic Cells                                     ; Off                ; Off                ;
; Remove Duplicate Registers                                       ; On                 ; On                 ;
; Ignore CARRY Buffers                                             ; Off                ; Off                ;
; Ignore CASCADE Buffers                                           ; Off                ; Off                ;
; Ignore GLOBAL Buffers                                            ; Off                ; Off                ;
; Ignore ROW GLOBAL Buffers                                        ; Off                ; Off                ;
; Ignore LCELL Buffers                                             ; Off                ; Off                ;
; Ignore SOFT Buffers                                              ; On                 ; On                 ;
; Limit AHDL Integers to 32 Bits                                   ; Off                ; Off                ;
; Optimization Technique                                           ; Balanced           ; Balanced           ;
; Carry Chain Length                                               ; 70                 ; 70                 ;
; Auto Carry Chains                                                ; On                 ; On                 ;
; Auto Open-Drain Pins                                             ; On                 ; On                 ;
; Perform WYSIWYG Primitive Resynthesis                            ; Off                ; Off                ;
; Auto ROM Replacement                                             ; On                 ; On                 ;
; Auto RAM Replacement                                             ; On                 ; On                 ;
; Auto DSP Block Replacement                                       ; On                 ; On                 ;
; Auto Shift Register Replacement                                  ; Auto               ; Auto               ;
; Allow Shift Register Merging across Hierarchies                  ; Auto               ; Auto               ;
; Auto Clock Enable Replacement                                    ; On                 ; On                 ;
; Strict RAM Replacement                                           ; Off                ; Off                ;
; Allow Synchronous Control Signals                                ; On                 ; On                 ;
; Force Use of Synchronous Clear Signals                           ; Off                ; Off                ;
; Auto RAM Block Balancing                                         ; On                 ; On                 ;
; Auto RAM to Logic Cell Conversion                                ; Off                ; Off                ;
; Auto Resource Sharing                                            ; Off                ; Off                ;
; Allow Any RAM Size For Recognition                               ; Off                ; Off                ;
; Allow Any ROM Size For Recognition                               ; Off                ; Off                ;
; Allow Any Shift Register Size For Recognition                    ; Off                ; Off                ;
; Use LogicLock Constraints during Resource Balancing              ; On                 ; On                 ;
; Ignore translate_off and synthesis_off directives                ; Off                ; Off                ;
; Timing-Driven Synthesis                                          ; On                 ; On                 ;
; Report Parameter Settings                                        ; On                 ; On                 ;
; Report Source Assignments                                        ; On                 ; On                 ;
; Report Connectivity Checks                                       ; On                 ; On                 ;
; Ignore Maximum Fan-Out Assignments                               ; Off                ; Off                ;
; Synchronization Register Chain Length                            ; 2                  ; 2                  ;
; Power Optimization During Synthesis                              ; Normal compilation ; Normal compilation ;
; HDL message level                                                ; Level2             ; Level2             ;
; Suppress Register Optimization Related Messages                  ; Off                ; Off                ;
; Number of Removed Registers Reported in Synthesis Report         ; 5000               ; 5000               ;
; Number of Swept Nodes Reported in Synthesis Report               ; 5000               ; 5000               ;
; Number of Inverted Registers Reported in Synthesis Report        ; 100                ; 100                ;
; Clock MUX Protection                                             ; On                 ; On                 ;
; Auto Gated Clock Conversion                                      ; Off                ; Off                ;
; Block Design Naming                                              ; Auto               ; Auto               ;
; SDC constraint protection                                        ; Off                ; Off                ;
; Synthesis Effort                                                 ; Auto               ; Auto               ;
; Shift Register Replacement - Allow Asynchronous Clear Signal     ; On                 ; On                 ;
; Pre-Mapping Resynthesis Optimization                             ; Off                ; Off                ;
; Analysis & Synthesis Message Level                               ; Medium             ; Medium             ;
; Disable Register Merging Across Hierarchies                      ; Auto               ; Auto               ;
; Resource Aware Inference For Block RAM                           ; On                 ; On                 ;
+------------------------------------------------------------------+--------------------+--------------------+


+------------------------------------------+
; Parallel Compilation                     ;
+----------------------------+-------------+
; Processors                 ; Number      ;
+----------------------------+-------------+
; Number detected on machine ; 4           ;
; Maximum allowed            ; 2           ;
;                            ;             ;
; Average used               ; 1.00        ;
; Maximum used               ; 2           ;
;                            ;             ;
; Usage by Processor         ; % Time Used ;
;     Processor 1            ; 100.0%      ;
;     Processor 2            ;   0.0%      ;
+----------------------------+-------------+


+---------------------------------------------------------------------------------------------------------------------------------------------------+
; Analysis & Synthesis Source Files Read                                                                                                            ;
+----------------------------------+-----------------+------------------------------+-----------------------------------------------------+---------+
; File Name with User-Entered Path ; Used in Netlist ; File Type                    ; File Name with Absolute Path                        ; Library ;
+----------------------------------+-----------------+------------------------------+-----------------------------------------------------+---------+
; datapath.sv                      ; yes             ; User SystemVerilog HDL File  ; C:/intelFPGA_lite/18.0/385/385lab6/pt2/datapath.sv  ;         ;
; ALU.sv                           ; yes             ; User SystemVerilog HDL File  ; C:/intelFPGA_lite/18.0/385/385lab6/pt2/ALU.sv       ;         ;
; tristate.sv                      ; yes             ; User SystemVerilog HDL File  ; C:/intelFPGA_lite/18.0/385/385lab6/pt2/tristate.sv  ;         ;
; slc3.sv                          ; yes             ; User SystemVerilog HDL File  ; C:/intelFPGA_lite/18.0/385/385lab6/pt2/slc3.sv      ;         ;
; reg_file.sv                      ; yes             ; User SystemVerilog HDL File  ; C:/intelFPGA_lite/18.0/385/385lab6/pt2/reg_file.sv  ;         ;
; reg_BEN.sv                       ; yes             ; User SystemVerilog HDL File  ; C:/intelFPGA_lite/18.0/385/385lab6/pt2/reg_BEN.sv   ;         ;
; reg_16.sv                        ; yes             ; User SystemVerilog HDL File  ; C:/intelFPGA_lite/18.0/385/385lab6/pt2/reg_16.sv    ;         ;
; NZP.sv                           ; yes             ; User SystemVerilog HDL File  ; C:/intelFPGA_lite/18.0/385/385lab6/pt2/NZP.sv       ;         ;
; MUX4to1.sv                       ; yes             ; User SystemVerilog HDL File  ; C:/intelFPGA_lite/18.0/385/385lab6/pt2/MUX4to1.sv   ;         ;
; MUX2to1.sv                       ; yes             ; User SystemVerilog HDL File  ; C:/intelFPGA_lite/18.0/385/385lab6/pt2/MUX2to1.sv   ;         ;
; Mem2IO.sv                        ; yes             ; User SystemVerilog HDL File  ; C:/intelFPGA_lite/18.0/385/385lab6/pt2/Mem2IO.sv    ;         ;
; ISDU.sv                          ; yes             ; User SystemVerilog HDL File  ; C:/intelFPGA_lite/18.0/385/385lab6/pt2/ISDU.sv      ;         ;
; HexDriver.sv                     ; yes             ; User SystemVerilog HDL File  ; C:/intelFPGA_lite/18.0/385/385lab6/pt2/HexDriver.sv ;         ;
+----------------------------------+-----------------+------------------------------+-----------------------------------------------------+---------+


+---------------------------------------------------------+
; Analysis & Synthesis Resource Usage Summary             ;
+---------------------------------------------+-----------+
; Resource                                    ; Usage     ;
+---------------------------------------------+-----------+
; Estimated Total logic elements              ; 806       ;
;                                             ;           ;
; Total combinational functions               ; 630       ;
; Logic element usage by number of LUT inputs ;           ;
;     -- 4 input functions                    ; 417       ;
;     -- 3 input functions                    ; 119       ;
;     -- <=2 input functions                  ; 94        ;
;                                             ;           ;
; Logic elements by mode                      ;           ;
;     -- normal mode                          ; 585       ;
;     -- arithmetic mode                      ; 45        ;
;                                             ;           ;
; Total registers                             ; 283       ;
;     -- Dedicated logic registers            ; 283       ;
;     -- I/O registers                        ; 0         ;
;                                             ;           ;
; I/O pins                                    ; 129       ;
;                                             ;           ;
; Embedded Multiplier 9-bit elements          ; 0         ;
;                                             ;           ;
; Maximum fan-out node                        ; Clk~input ;
; Maximum fan-out                             ; 283       ;
; Total fan-out                               ; 3283      ;
; Average fan-out                             ; 2.77      ;
+---------------------------------------------+-----------+


+---------------------------------------------------------------------------------------------------------------------------------------------------------------------------------------------------------------------------+
; Analysis & Synthesis Resource Utilization by Entity                                                                                                                                                                       ;
+------------------------------+---------------------+---------------------------+-------------+--------------+---------+-----------+------+--------------+------------------------------------+-------------+--------------+
; Compilation Hierarchy Node   ; Combinational ALUTs ; Dedicated Logic Registers ; Memory Bits ; DSP Elements ; DSP 9x9 ; DSP 18x18 ; Pins ; Virtual Pins ; Full Hierarchy Name                ; Entity Name ; Library Name ;
+------------------------------+---------------------+---------------------------+-------------+--------------+---------+-----------+------+--------------+------------------------------------+-------------+--------------+
; |slc3                        ; 630 (0)             ; 283 (0)                   ; 0           ; 0            ; 0       ; 0         ; 129  ; 0            ; |slc3                              ; slc3        ; work         ;
;    |HexDriver:hex_driver0|   ; 7 (7)               ; 0 (0)                     ; 0           ; 0            ; 0       ; 0         ; 0    ; 0            ; |slc3|HexDriver:hex_driver0        ; HexDriver   ; work         ;
;    |HexDriver:hex_driver1|   ; 7 (7)               ; 0 (0)                     ; 0           ; 0            ; 0       ; 0         ; 0    ; 0            ; |slc3|HexDriver:hex_driver1        ; HexDriver   ; work         ;
;    |HexDriver:hex_driver2|   ; 7 (7)               ; 0 (0)                     ; 0           ; 0            ; 0       ; 0         ; 0    ; 0            ; |slc3|HexDriver:hex_driver2        ; HexDriver   ; work         ;
;    |HexDriver:hex_driver3|   ; 7 (7)               ; 0 (0)                     ; 0           ; 0            ; 0       ; 0         ; 0    ; 0            ; |slc3|HexDriver:hex_driver3        ; HexDriver   ; work         ;
;    |HexDriver:hex_driver4|   ; 7 (7)               ; 0 (0)                     ; 0           ; 0            ; 0       ; 0         ; 0    ; 0            ; |slc3|HexDriver:hex_driver4        ; HexDriver   ; work         ;
;    |HexDriver:hex_driver5|   ; 7 (7)               ; 0 (0)                     ; 0           ; 0            ; 0       ; 0         ; 0    ; 0            ; |slc3|HexDriver:hex_driver5        ; HexDriver   ; work         ;
;    |HexDriver:hex_driver6|   ; 7 (7)               ; 0 (0)                     ; 0           ; 0            ; 0       ; 0         ; 0    ; 0            ; |slc3|HexDriver:hex_driver6        ; HexDriver   ; work         ;
;    |HexDriver:hex_driver7|   ; 7 (7)               ; 0 (0)                     ; 0           ; 0            ; 0       ; 0         ; 0    ; 0            ; |slc3|HexDriver:hex_driver7        ; HexDriver   ; work         ;
;    |ISDU:state_controller|   ; 50 (50)             ; 27 (27)                   ; 0           ; 0            ; 0       ; 0         ; 0    ; 0            ; |slc3|ISDU:state_controller        ; ISDU        ; work         ;
;    |Mem2IO:memory_subsystem| ; 22 (22)             ; 16 (16)                   ; 0           ; 0            ; 0       ; 0         ; 0    ; 0            ; |slc3|Mem2IO:memory_subsystem      ; Mem2IO      ; work         ;
;    |datapath:d0|             ; 502 (192)           ; 208 (12)                  ; 0           ; 0            ; 0       ; 0         ; 0    ; 0            ; |slc3|datapath:d0                  ; datapath    ; work         ;
;       |ALU:alu|              ; 16 (16)             ; 0 (0)                     ; 0           ; 0            ; 0       ; 0         ; 0    ; 0            ; |slc3|datapath:d0|ALU:alu          ; ALU         ; work         ;
;       |NZP:nzp|              ; 8 (8)               ; 3 (3)                     ; 0           ; 0            ; 0       ; 0         ; 0    ; 0            ; |slc3|datapath:d0|NZP:nzp          ; NZP         ; work         ;
;       |mux2to1:addr1mux|     ; 16 (16)             ; 0 (0)                     ; 0           ; 0            ; 0       ; 0         ; 0    ; 0            ; |slc3|datapath:d0|mux2to1:addr1mux ; mux2to1     ; work         ;
;       |mux2to1:drmux|        ; 3 (3)               ; 0 (0)                     ; 0           ; 0            ; 0       ; 0         ; 0    ; 0            ; |slc3|datapath:d0|mux2to1:drmux    ; mux2to1     ; work         ;
;       |mux2to1:sr1mux|       ; 3 (3)               ; 0 (0)                     ; 0           ; 0            ; 0       ; 0         ; 0    ; 0            ; |slc3|datapath:d0|mux2to1:sr1mux   ; mux2to1     ; work         ;
;       |mux2to1:sr2mux|       ; 94 (94)             ; 0 (0)                     ; 0           ; 0            ; 0       ; 0         ; 0    ; 0            ; |slc3|datapath:d0|mux2to1:sr2mux   ; mux2to1     ; work         ;
;       |mux4to1:addr2mux|     ; 15 (15)             ; 0 (0)                     ; 0           ; 0            ; 0       ; 0         ; 0    ; 0            ; |slc3|datapath:d0|mux4to1:addr2mux ; mux4to1     ; work         ;
;       |regBEN:RegBEN|        ; 3 (3)               ; 1 (1)                     ; 0           ; 0            ; 0       ; 0         ; 0    ; 0            ; |slc3|datapath:d0|regBEN:RegBEN    ; regBEN      ; work         ;
;       |reg_16:RegIR|         ; 1 (1)               ; 16 (16)                   ; 0           ; 0            ; 0       ; 0         ; 0    ; 0            ; |slc3|datapath:d0|reg_16:RegIR     ; reg_16      ; work         ;
;       |reg_16:RegMAR|        ; 18 (18)             ; 16 (16)                   ; 0           ; 0            ; 0       ; 0         ; 0    ; 0            ; |slc3|datapath:d0|reg_16:RegMAR    ; reg_16      ; work         ;
;       |reg_16:RegMDR|        ; 35 (35)             ; 16 (16)                   ; 0           ; 0            ; 0       ; 0         ; 0    ; 0            ; |slc3|datapath:d0|reg_16:RegMDR    ; reg_16      ; work         ;
;       |reg_16:RegPC|         ; 2 (2)               ; 16 (16)                   ; 0           ; 0            ; 0       ; 0         ; 0    ; 0            ; |slc3|datapath:d0|reg_16:RegPC     ; reg_16      ; work         ;
;       |regs:reg_r0_r7|       ; 96 (96)             ; 128 (128)                 ; 0           ; 0            ; 0       ; 0         ; 0    ; 0            ; |slc3|datapath:d0|regs:reg_r0_r7   ; regs        ; work         ;
;    |tristate:tr0|            ; 0 (0)               ; 32 (32)                   ; 0           ; 0            ; 0       ; 0         ; 0    ; 0            ; |slc3|tristate:tr0                 ; tristate    ; work         ;
+------------------------------+---------------------+---------------------------+-------------+--------------+---------+-----------+------+--------------+------------------------------------+-------------+--------------+
Note: For table entries with two numbers listed, the numbers in parentheses indicate the number of resources of the given type used by the specific entity alone. The numbers listed outside of parentheses indicate the total resources of the given type used by the specific entity and all of its sub-entities in the hierarchy.


Encoding Type:  One-Hot
+----------------------------------------------------------------------------------------------------------------------------------------------------------------------------------------------------------------------------------------------------------------------------------------------------------------------------------------------------------------------------------------------------+
; State Machine - |slc3|ISDU:state_controller|State                                                                                                                                                                                                                                                                                                                                                  ;
+----------------+------------+-----------+------------+------------+-----------+--------------+--------------+--------------+------------+-----------+------------+--------------+--------------+--------------+-----------+-----------+-----------+-----------+------------+------------+--------------+--------------+--------------+------------+----------------+----------------+--------------+
; Name           ; State.S_22 ; State.S_0 ; State.S_12 ; State.S_21 ; State.S_4 ; State.S_16_3 ; State.S_16_2 ; State.S_16_1 ; State.S_23 ; State.S_7 ; State.S_27 ; State.S_25_3 ; State.S_25_2 ; State.S_25_1 ; State.S_6 ; State.S_9 ; State.S_5 ; State.S_1 ; State.S_32 ; State.S_35 ; State.S_33_3 ; State.S_33_2 ; State.S_33_1 ; State.S_18 ; State.PauseIR2 ; State.PauseIR1 ; State.Halted ;
+----------------+------------+-----------+------------+------------+-----------+--------------+--------------+--------------+------------+-----------+------------+--------------+--------------+--------------+-----------+-----------+-----------+-----------+------------+------------+--------------+--------------+--------------+------------+----------------+----------------+--------------+
; State.Halted   ; 0          ; 0         ; 0          ; 0          ; 0         ; 0            ; 0            ; 0            ; 0          ; 0         ; 0          ; 0            ; 0            ; 0            ; 0         ; 0         ; 0         ; 0         ; 0          ; 0          ; 0            ; 0            ; 0            ; 0          ; 0              ; 0              ; 0            ;
; State.PauseIR1 ; 0          ; 0         ; 0          ; 0          ; 0         ; 0            ; 0            ; 0            ; 0          ; 0         ; 0          ; 0            ; 0            ; 0            ; 0         ; 0         ; 0         ; 0         ; 0          ; 0          ; 0            ; 0            ; 0            ; 0          ; 0              ; 1              ; 1            ;
; State.PauseIR2 ; 0          ; 0         ; 0          ; 0          ; 0         ; 0            ; 0            ; 0            ; 0          ; 0         ; 0          ; 0            ; 0            ; 0            ; 0         ; 0         ; 0         ; 0         ; 0          ; 0          ; 0            ; 0            ; 0            ; 0          ; 1              ; 0              ; 1            ;
; State.S_18     ; 0          ; 0         ; 0          ; 0          ; 0         ; 0            ; 0            ; 0            ; 0          ; 0         ; 0          ; 0            ; 0            ; 0            ; 0         ; 0         ; 0         ; 0         ; 0          ; 0          ; 0            ; 0            ; 0            ; 1          ; 0              ; 0              ; 1            ;
; State.S_33_1   ; 0          ; 0         ; 0          ; 0          ; 0         ; 0            ; 0            ; 0            ; 0          ; 0         ; 0          ; 0            ; 0            ; 0            ; 0         ; 0         ; 0         ; 0         ; 0          ; 0          ; 0            ; 0            ; 1            ; 0          ; 0              ; 0              ; 1            ;
; State.S_33_2   ; 0          ; 0         ; 0          ; 0          ; 0         ; 0            ; 0            ; 0            ; 0          ; 0         ; 0          ; 0            ; 0            ; 0            ; 0         ; 0         ; 0         ; 0         ; 0          ; 0          ; 0            ; 1            ; 0            ; 0          ; 0              ; 0              ; 1            ;
; State.S_33_3   ; 0          ; 0         ; 0          ; 0          ; 0         ; 0            ; 0            ; 0            ; 0          ; 0         ; 0          ; 0            ; 0            ; 0            ; 0         ; 0         ; 0         ; 0         ; 0          ; 0          ; 1            ; 0            ; 0            ; 0          ; 0              ; 0              ; 1            ;
; State.S_35     ; 0          ; 0         ; 0          ; 0          ; 0         ; 0            ; 0            ; 0            ; 0          ; 0         ; 0          ; 0            ; 0            ; 0            ; 0         ; 0         ; 0         ; 0         ; 0          ; 1          ; 0            ; 0            ; 0            ; 0          ; 0              ; 0              ; 1            ;
; State.S_32     ; 0          ; 0         ; 0          ; 0          ; 0         ; 0            ; 0            ; 0            ; 0          ; 0         ; 0          ; 0            ; 0            ; 0            ; 0         ; 0         ; 0         ; 0         ; 1          ; 0          ; 0            ; 0            ; 0            ; 0          ; 0              ; 0              ; 1            ;
; State.S_1      ; 0          ; 0         ; 0          ; 0          ; 0         ; 0            ; 0            ; 0            ; 0          ; 0         ; 0          ; 0            ; 0            ; 0            ; 0         ; 0         ; 0         ; 1         ; 0          ; 0          ; 0            ; 0            ; 0            ; 0          ; 0              ; 0              ; 1            ;
; State.S_5      ; 0          ; 0         ; 0          ; 0          ; 0         ; 0            ; 0            ; 0            ; 0          ; 0         ; 0          ; 0            ; 0            ; 0            ; 0         ; 0         ; 1         ; 0         ; 0          ; 0          ; 0            ; 0            ; 0            ; 0          ; 0              ; 0              ; 1            ;
; State.S_9      ; 0          ; 0         ; 0          ; 0          ; 0         ; 0            ; 0            ; 0            ; 0          ; 0         ; 0          ; 0            ; 0            ; 0            ; 0         ; 1         ; 0         ; 0         ; 0          ; 0          ; 0            ; 0            ; 0            ; 0          ; 0              ; 0              ; 1            ;
; State.S_6      ; 0          ; 0         ; 0          ; 0          ; 0         ; 0            ; 0            ; 0            ; 0          ; 0         ; 0          ; 0            ; 0            ; 0            ; 1         ; 0         ; 0         ; 0         ; 0          ; 0          ; 0            ; 0            ; 0            ; 0          ; 0              ; 0              ; 1            ;
; State.S_25_1   ; 0          ; 0         ; 0          ; 0          ; 0         ; 0            ; 0            ; 0            ; 0          ; 0         ; 0          ; 0            ; 0            ; 1            ; 0         ; 0         ; 0         ; 0         ; 0          ; 0          ; 0            ; 0            ; 0            ; 0          ; 0              ; 0              ; 1            ;
; State.S_25_2   ; 0          ; 0         ; 0          ; 0          ; 0         ; 0            ; 0            ; 0            ; 0          ; 0         ; 0          ; 0            ; 1            ; 0            ; 0         ; 0         ; 0         ; 0         ; 0          ; 0          ; 0            ; 0            ; 0            ; 0          ; 0              ; 0              ; 1            ;
; State.S_25_3   ; 0          ; 0         ; 0          ; 0          ; 0         ; 0            ; 0            ; 0            ; 0          ; 0         ; 0          ; 1            ; 0            ; 0            ; 0         ; 0         ; 0         ; 0         ; 0          ; 0          ; 0            ; 0            ; 0            ; 0          ; 0              ; 0              ; 1            ;
; State.S_27     ; 0          ; 0         ; 0          ; 0          ; 0         ; 0            ; 0            ; 0            ; 0          ; 0         ; 1          ; 0            ; 0            ; 0            ; 0         ; 0         ; 0         ; 0         ; 0          ; 0          ; 0            ; 0            ; 0            ; 0          ; 0              ; 0              ; 1            ;
; State.S_7      ; 0          ; 0         ; 0          ; 0          ; 0         ; 0            ; 0            ; 0            ; 0          ; 1         ; 0          ; 0            ; 0            ; 0            ; 0         ; 0         ; 0         ; 0         ; 0          ; 0          ; 0            ; 0            ; 0            ; 0          ; 0              ; 0              ; 1            ;
; State.S_23     ; 0          ; 0         ; 0          ; 0          ; 0         ; 0            ; 0            ; 0            ; 1          ; 0         ; 0          ; 0            ; 0            ; 0            ; 0         ; 0         ; 0         ; 0         ; 0          ; 0          ; 0            ; 0            ; 0            ; 0          ; 0              ; 0              ; 1            ;
; State.S_16_1   ; 0          ; 0         ; 0          ; 0          ; 0         ; 0            ; 0            ; 1            ; 0          ; 0         ; 0          ; 0            ; 0            ; 0            ; 0         ; 0         ; 0         ; 0         ; 0          ; 0          ; 0            ; 0            ; 0            ; 0          ; 0              ; 0              ; 1            ;
; State.S_16_2   ; 0          ; 0         ; 0          ; 0          ; 0         ; 0            ; 1            ; 0            ; 0          ; 0         ; 0          ; 0            ; 0            ; 0            ; 0         ; 0         ; 0         ; 0         ; 0          ; 0          ; 0            ; 0            ; 0            ; 0          ; 0              ; 0              ; 1            ;
; State.S_16_3   ; 0          ; 0         ; 0          ; 0          ; 0         ; 1            ; 0            ; 0            ; 0          ; 0         ; 0          ; 0            ; 0            ; 0            ; 0         ; 0         ; 0         ; 0         ; 0          ; 0          ; 0            ; 0            ; 0            ; 0          ; 0              ; 0              ; 1            ;
; State.S_4      ; 0          ; 0         ; 0          ; 0          ; 1         ; 0            ; 0            ; 0            ; 0          ; 0         ; 0          ; 0            ; 0            ; 0            ; 0         ; 0         ; 0         ; 0         ; 0          ; 0          ; 0            ; 0            ; 0            ; 0          ; 0              ; 0              ; 1            ;
; State.S_21     ; 0          ; 0         ; 0          ; 1          ; 0         ; 0            ; 0            ; 0            ; 0          ; 0         ; 0          ; 0            ; 0            ; 0            ; 0         ; 0         ; 0         ; 0         ; 0          ; 0          ; 0            ; 0            ; 0            ; 0          ; 0              ; 0              ; 1            ;
; State.S_12     ; 0          ; 0         ; 1          ; 0          ; 0         ; 0            ; 0            ; 0            ; 0          ; 0         ; 0          ; 0            ; 0            ; 0            ; 0         ; 0         ; 0         ; 0         ; 0          ; 0          ; 0            ; 0            ; 0            ; 0          ; 0              ; 0              ; 1            ;
; State.S_0      ; 0          ; 1         ; 0          ; 0          ; 0         ; 0            ; 0            ; 0            ; 0          ; 0         ; 0          ; 0            ; 0            ; 0            ; 0         ; 0         ; 0         ; 0         ; 0          ; 0          ; 0            ; 0            ; 0            ; 0          ; 0              ; 0              ; 1            ;
; State.S_22     ; 1          ; 0         ; 0          ; 0          ; 0         ; 0            ; 0            ; 0            ; 0          ; 0         ; 0          ; 0            ; 0            ; 0            ; 0         ; 0         ; 0         ; 0         ; 0          ; 0          ; 0            ; 0            ; 0            ; 0          ; 0              ; 0              ; 1            ;
+----------------+------------+-----------+------------+------------+-----------+--------------+--------------+--------------+------------+-----------+------------+--------------+--------------+--------------+-----------+-----------+-----------+-----------+------------+------------+--------------+--------------+--------------+------------+----------------+----------------+--------------+


+------------------------------------------------------------+
; Registers Removed During Synthesis                         ;
+---------------------------------------+--------------------+
; Register name                         ; Reason for Removal ;
+---------------------------------------+--------------------+
; ISDU:state_controller|State~2         ; Lost fanout        ;
; ISDU:state_controller|State~3         ; Lost fanout        ;
; ISDU:state_controller|State~4         ; Lost fanout        ;
; ISDU:state_controller|State~5         ; Lost fanout        ;
; ISDU:state_controller|State~6         ; Lost fanout        ;
; Total Number of Removed Registers = 5 ;                    ;
+---------------------------------------+--------------------+


+------------------------------------------------------+
; General Register Statistics                          ;
+----------------------------------------------+-------+
; Statistic                                    ; Value ;
+----------------------------------------------+-------+
; Total registers                              ; 283   ;
; Number of registers using Synchronous Clear  ; 19    ;
; Number of registers using Synchronous Load   ; 0     ;
; Number of registers using Asynchronous Clear ; 0     ;
; Number of registers using Asynchronous Load  ; 0     ;
; Number of registers using Clock Enable       ; 223   ;
; Number of registers using Preset             ; 0     ;
+----------------------------------------------+-------+


+-----------------------------------------------------------------------------------------------------------------------------------------------------------+
; Multiplexer Restructuring Statistics (Restructuring Performed)                                                                                            ;
+--------------------+-----------+---------------+----------------------+------------------------+------------+---------------------------------------------+
; Multiplexer Inputs ; Bus Width ; Baseline Area ; Area if Restructured ; Saving if Restructured ; Registered ; Example Multiplexer Output                  ;
+--------------------+-----------+---------------+----------------------+------------------------+------------+---------------------------------------------+
; 3:1                ; 16 bits   ; 32 LEs        ; 16 LEs               ; 16 LEs                 ; Yes        ; |slc3|datapath:d0|reg_16:RegIR|D_out[7]     ;
; 3:1                ; 12 bits   ; 24 LEs        ; 12 LEs               ; 12 LEs                 ; Yes        ; |slc3|datapath:d0|LED[1]                    ;
; 3:1                ; 16 bits   ; 32 LEs        ; 16 LEs               ; 16 LEs                 ; Yes        ; |slc3|Mem2IO:memory_subsystem|hex_data[2]   ;
; 3:1                ; 16 bits   ; 32 LEs        ; 16 LEs               ; 16 LEs                 ; Yes        ; |slc3|datapath:d0|reg_16:RegMAR|D_out[5]    ;
; 3:1                ; 16 bits   ; 32 LEs        ; 16 LEs               ; 16 LEs                 ; Yes        ; |slc3|datapath:d0|regs:reg_r0_r7|din[0][5]  ;
; 3:1                ; 16 bits   ; 32 LEs        ; 16 LEs               ; 16 LEs                 ; Yes        ; |slc3|datapath:d0|regs:reg_r0_r7|din[1][5]  ;
; 3:1                ; 16 bits   ; 32 LEs        ; 16 LEs               ; 16 LEs                 ; Yes        ; |slc3|datapath:d0|regs:reg_r0_r7|din[2][13] ;
; 3:1                ; 16 bits   ; 32 LEs        ; 16 LEs               ; 16 LEs                 ; Yes        ; |slc3|datapath:d0|regs:reg_r0_r7|din[3][9]  ;
; 3:1                ; 16 bits   ; 32 LEs        ; 16 LEs               ; 16 LEs                 ; Yes        ; |slc3|datapath:d0|regs:reg_r0_r7|din[4][6]  ;
; 3:1                ; 16 bits   ; 32 LEs        ; 16 LEs               ; 16 LEs                 ; Yes        ; |slc3|datapath:d0|regs:reg_r0_r7|din[5][10] ;
; 3:1                ; 16 bits   ; 32 LEs        ; 16 LEs               ; 16 LEs                 ; Yes        ; |slc3|datapath:d0|regs:reg_r0_r7|din[6][11] ;
; 3:1                ; 16 bits   ; 32 LEs        ; 16 LEs               ; 16 LEs                 ; Yes        ; |slc3|datapath:d0|regs:reg_r0_r7|din[7][11] ;
; 5:1                ; 16 bits   ; 48 LEs        ; 32 LEs               ; 16 LEs                 ; Yes        ; |slc3|datapath:d0|reg_16:RegPC|D_out[5]     ;
; 6:1                ; 16 bits   ; 64 LEs        ; 32 LEs               ; 32 LEs                 ; Yes        ; |slc3|datapath:d0|reg_16:RegMDR|D_out[13]   ;
; 3:1                ; 2 bits    ; 4 LEs         ; 4 LEs                ; 0 LEs                  ; No         ; |slc3|datapath:d0|mux4to1:addr2mux|Mux0     ;
; 8:1                ; 16 bits   ; 80 LEs        ; 80 LEs               ; 0 LEs                  ; No         ; |slc3|datapath:d0|regs:reg_r0_r7|Mux3       ;
; 9:1                ; 16 bits   ; 96 LEs        ; 96 LEs               ; 0 LEs                  ; No         ; |slc3|datapath:d0|mux2to1:sr2mux|out[6]     ;
; 19:1               ; 16 bits   ; 192 LEs       ; 96 LEs               ; 96 LEs                 ; No         ; |slc3|datapath:d0|Mux4                      ;
+--------------------+-----------+---------------+----------------------+------------------------+------------+---------------------------------------------+


+------------------------------------------------------------------------+
; Parameter Settings for User Entity Instance: datapath:d0|mux4to1:pcmux ;
+----------------+-------+-----------------------------------------------+
; Parameter Name ; Value ; Type                                          ;
+----------------+-------+-----------------------------------------------+
; width          ; 16    ; Signed Integer                                ;
+----------------+-------+-----------------------------------------------+
Note: In order to hide this table in the UI and the text report file, please set the "Show Parameter Settings in Synthesis Report" option in "Analysis and Synthesis Settings -> More Settings" to "Off".


+---------------------------------------------------------------------------+
; Parameter Settings for User Entity Instance: datapath:d0|mux2to1:addr1mux ;
+----------------+-------+--------------------------------------------------+
; Parameter Name ; Value ; Type                                             ;
+----------------+-------+--------------------------------------------------+
; width          ; 16    ; Signed Integer                                   ;
+----------------+-------+--------------------------------------------------+
Note: In order to hide this table in the UI and the text report file, please set the "Show Parameter Settings in Synthesis Report" option in "Analysis and Synthesis Settings -> More Settings" to "Off".


+---------------------------------------------------------------------------+
; Parameter Settings for User Entity Instance: datapath:d0|mux4to1:addr2mux ;
+----------------+-------+--------------------------------------------------+
; Parameter Name ; Value ; Type                                             ;
+----------------+-------+--------------------------------------------------+
; width          ; 16    ; Signed Integer                                   ;
+----------------+-------+--------------------------------------------------+
Note: In order to hide this table in the UI and the text report file, please set the "Show Parameter Settings in Synthesis Report" option in "Analysis and Synthesis Settings -> More Settings" to "Off".


+------------------------------------------------------------------------+
; Parameter Settings for User Entity Instance: datapath:d0|mux2to1:drmux ;
+----------------+-------+-----------------------------------------------+
; Parameter Name ; Value ; Type                                          ;
+----------------+-------+-----------------------------------------------+
; width          ; 3     ; Signed Integer                                ;
+----------------+-------+-----------------------------------------------+
Note: In order to hide this table in the UI and the text report file, please set the "Show Parameter Settings in Synthesis Report" option in "Analysis and Synthesis Settings -> More Settings" to "Off".


+-------------------------------------------------------------------------+
; Parameter Settings for User Entity Instance: datapath:d0|mux2to1:sr1mux ;
+----------------+-------+------------------------------------------------+
; Parameter Name ; Value ; Type                                           ;
+----------------+-------+------------------------------------------------+
; width          ; 3     ; Signed Integer                                 ;
+----------------+-------+------------------------------------------------+
Note: In order to hide this table in the UI and the text report file, please set the "Show Parameter Settings in Synthesis Report" option in "Analysis and Synthesis Settings -> More Settings" to "Off".


+-------------------------------------------------------------------------+
; Parameter Settings for User Entity Instance: datapath:d0|mux2to1:sr2mux ;
+----------------+-------+------------------------------------------------+
; Parameter Name ; Value ; Type                                           ;
+----------------+-------+------------------------------------------------+
; width          ; 16    ; Signed Integer                                 ;
+----------------+-------+------------------------------------------------+
Note: In order to hide this table in the UI and the text report file, please set the "Show Parameter Settings in Synthesis Report" option in "Analysis and Synthesis Settings -> More Settings" to "Off".


+-------------------------------------------------------------------------+
; Parameter Settings for User Entity Instance: datapath:d0|mux2to1:mdrmux ;
+----------------+-------+------------------------------------------------+
; Parameter Name ; Value ; Type                                           ;
+----------------+-------+------------------------------------------------+
; width          ; 16    ; Signed Integer                                 ;
+----------------+-------+------------------------------------------------+
Note: In order to hide this table in the UI and the text report file, please set the "Show Parameter Settings in Synthesis Report" option in "Analysis and Synthesis Settings -> More Settings" to "Off".


+-----------------------------------------------------------+
; Parameter Settings for User Entity Instance: tristate:tr0 ;
+----------------+-------+----------------------------------+
; Parameter Name ; Value ; Type                             ;
+----------------+-------+----------------------------------+
; N              ; 16    ; Signed Integer                   ;
+----------------+-------+----------------------------------+
Note: In order to hide this table in the UI and the text report file, please set the "Show Parameter Settings in Synthesis Report" option in "Analysis and Synthesis Settings -> More Settings" to "Off".


+-----------------------------------------------------+
; Port Connectivity Checks: "Mem2IO:memory_subsystem" ;
+--------------+-------+----------+-------------------+
; Port         ; Type  ; Severity ; Details           ;
+--------------+-------+----------+-------------------+
; ADDR[19..16] ; Input ; Info     ; Stuck at GND      ;
+--------------+-------+----------+-------------------+


+-------------------------------------------------------+
; Port Connectivity Checks: "datapath:d0|mux2to1:drmux" ;
+------+-------+----------+-----------------------------+
; Port ; Type  ; Severity ; Details                     ;
+------+-------+----------+-----------------------------+
; s0   ; Input ; Info     ; Stuck at VCC                ;
+------+-------+----------+-----------------------------+


+----------------------------------------------------------+
; Port Connectivity Checks: "datapath:d0|mux4to1:addr2mux" ;
+------+-------+----------+--------------------------------+
; Port ; Type  ; Severity ; Details                        ;
+------+-------+----------+--------------------------------+
; s11  ; Input ; Info     ; Stuck at GND                   ;
+------+-------+----------+--------------------------------+


+-------------------------------------------------------------------------------------------------------------------------+
; Port Connectivity Checks: "datapath:d0"                                                                                 ;
+---------------+--------+----------+-------------------------------------------------------------------------------------+
; Port          ; Type   ; Severity ; Details                                                                             ;
+---------------+--------+----------+-------------------------------------------------------------------------------------+
; IR_OUT[10..6] ; Output ; Info     ; Connected to dangling logic. Logic that only feeds a dangling port will be removed. ;
; IR_OUT[4..0]  ; Output ; Info     ; Connected to dangling logic. Logic that only feeds a dangling port will be removed. ;
+---------------+--------+----------+-------------------------------------------------------------------------------------+


+-----------------------------------------------------+
; Post-Synthesis Netlist Statistics for Top Partition ;
+-----------------------+-----------------------------+
; Type                  ; Count                       ;
+-----------------------+-----------------------------+
; boundary_port         ; 129                         ;
; cycloneiii_ff         ; 283                         ;
;     ENA               ; 207                         ;
;     ENA SCLR          ; 16                          ;
;     SCLR              ; 3                           ;
;     plain             ; 57                          ;
; cycloneiii_io_obuf    ; 16                          ;
; cycloneiii_lcell_comb ; 641                         ;
;     arith             ; 45                          ;
;         2 data inputs ; 15                          ;
;         3 data inputs ; 30                          ;
;     normal            ; 596                         ;
;         0 data inputs ; 1                           ;
;         1 data inputs ; 11                          ;
;         2 data inputs ; 78                          ;
;         3 data inputs ; 89                          ;
;         4 data inputs ; 417                         ;
;                       ;                             ;
; Max LUT depth         ; 14.30                       ;
; Average LUT depth     ; 7.88                        ;
+-----------------------+-----------------------------+


+-------------------------------+
; Elapsed Time Per Partition    ;
+----------------+--------------+
; Partition Name ; Elapsed Time ;
+----------------+--------------+
; Top            ; 00:00:02     ;
+----------------+--------------+


+-------------------------------+
; Analysis & Synthesis Messages ;
+-------------------------------+
Info: *******************************************************************
Info: Running Quartus Prime Analysis & Synthesis
    Info: Version 18.0.0 Build 614 04/24/2018 SJ Lite Edition
    Info: Processing started: Fri Oct 12 10:57:04 2018
Info: Command: quartus_map --read_settings_files=on --write_settings_files=off pt2 -c pt2
Warning (18236): Number of processors has not been specified which may cause overloading on shared machines.  Set the global assignment NUM_PARALLEL_PROCESSORS in your QSF to an appropriate value for best performance.
Info (20030): Parallel compilation is enabled and will use 2 of the 2 processors detected
Info (12021): Found 1 design units, including 1 entities, in source file datapath.sv
    Info (12023): Found entity 1: datapath File: C:/intelFPGA_lite/18.0/385/385lab6/pt2/datapath.sv Line: 3
Info (12021): Found 1 design units, including 1 entities, in source file alu.sv
    Info (12023): Found entity 1: ALU File: C:/intelFPGA_lite/18.0/385/385lab6/pt2/ALU.sv Line: 1
Info (12021): Found 1 design units, including 1 entities, in source file tristate.sv
    Info (12023): Found entity 1: tristate File: C:/intelFPGA_lite/18.0/385/385lab6/pt2/tristate.sv Line: 16
Info (12021): Found 1 design units, including 1 entities, in source file testbench.sv
    Info (12023): Found entity 1: testbench File: C:/intelFPGA_lite/18.0/385/385lab6/pt2/testbench.sv Line: 1
Info (12021): Found 1 design units, including 1 entities, in source file test_memory.sv
    Info (12023): Found entity 1: test_memory File: C:/intelFPGA_lite/18.0/385/385lab6/pt2/test_memory.sv Line: 22
Info (12021): Found 1 design units, including 0 entities, in source file slc3_2.sv
    Info (12022): Found design unit 1: SLC3_2 (SystemVerilog) File: C:/intelFPGA_lite/18.0/385/385lab6/pt2/SLC3_2.sv Line: 24
Info (12021): Found 1 design units, including 1 entities, in source file slc3.sv
    Info (12023): Found entity 1: slc3 File: C:/intelFPGA_lite/18.0/385/385lab6/pt2/slc3.sv Line: 19
Info (12021): Found 1 design units, including 1 entities, in source file reg_file.sv
    Info (12023): Found entity 1: regs File: C:/intelFPGA_lite/18.0/385/385lab6/pt2/reg_file.sv Line: 2
Info (12021): Found 1 design units, including 1 entities, in source file reg_ben.sv
    Info (12023): Found entity 1: regBEN File: C:/intelFPGA_lite/18.0/385/385lab6/pt2/reg_BEN.sv Line: 1
Info (12021): Found 1 design units, including 1 entities, in source file reg_16.sv
    Info (12023): Found entity 1: reg_16 File: C:/intelFPGA_lite/18.0/385/385lab6/pt2/reg_16.sv Line: 1
Info (12021): Found 1 design units, including 1 entities, in source file nzp.sv
    Info (12023): Found entity 1: NZP File: C:/intelFPGA_lite/18.0/385/385lab6/pt2/NZP.sv Line: 1
Info (12021): Found 1 design units, including 1 entities, in source file mux4to1.sv
    Info (12023): Found entity 1: mux4to1 File: C:/intelFPGA_lite/18.0/385/385lab6/pt2/MUX4to1.sv Line: 1
Info (12021): Found 1 design units, including 1 entities, in source file mux2to1.sv
    Info (12023): Found entity 1: mux2to1 File: C:/intelFPGA_lite/18.0/385/385lab6/pt2/MUX2to1.sv Line: 1
Info (12021): Found 1 design units, including 1 entities, in source file memory_contents.sv
    Info (12023): Found entity 1: memory_parser File: C:/intelFPGA_lite/18.0/385/385lab6/pt2/memory_contents.sv Line: 16
Info (12021): Found 1 design units, including 1 entities, in source file mem2io.sv
    Info (12023): Found entity 1: Mem2IO File: C:/intelFPGA_lite/18.0/385/385lab6/pt2/Mem2IO.sv Line: 16
Info (12021): Found 1 design units, including 1 entities, in source file lab6_toplevel.sv
    Info (12023): Found entity 1: lab6_toplevel File: C:/intelFPGA_lite/18.0/385/385lab6/pt2/lab6_toplevel.sv Line: 10
Info (12021): Found 1 design units, including 1 entities, in source file isdu.sv
    Info (12023): Found entity 1: ISDU File: C:/intelFPGA_lite/18.0/385/385lab6/pt2/ISDU.sv Line: 19
Info (12021): Found 1 design units, including 1 entities, in source file hexdriver.sv
    Info (12023): Found entity 1: HexDriver File: C:/intelFPGA_lite/18.0/385/385lab6/pt2/HexDriver.sv Line: 1
Info (12127): Elaborating entity "slc3" for the top level hierarchy
Info (12128): Elaborating entity "HexDriver" for hierarchy "HexDriver:hex_driver3" File: C:/intelFPGA_lite/18.0/385/385lab6/pt2/slc3.sv Line: 58
Info (12128): Elaborating entity "datapath" for hierarchy "datapath:d0" File: C:/intelFPGA_lite/18.0/385/385lab6/pt2/slc3.sv Line: 85
Info (10264): Verilog HDL Case Statement information at datapath.sv(40): all case item expressions in this case statement are onehot File: C:/intelFPGA_lite/18.0/385/385lab6/pt2/datapath.sv Line: 40
Info (12128): Elaborating entity "mux4to1" for hierarchy "datapath:d0|mux4to1:pcmux" File: C:/intelFPGA_lite/18.0/385/385lab6/pt2/datapath.sv Line: 62
Info (12128): Elaborating entity "reg_16" for hierarchy "datapath:d0|reg_16:RegPC" File: C:/intelFPGA_lite/18.0/385/385lab6/pt2/datapath.sv Line: 71
Info (12128): Elaborating entity "mux2to1" for hierarchy "datapath:d0|mux2to1:addr1mux" File: C:/intelFPGA_lite/18.0/385/385lab6/pt2/datapath.sv Line: 82
Info (12128): Elaborating entity "mux2to1" for hierarchy "datapath:d0|mux2to1:drmux" File: C:/intelFPGA_lite/18.0/385/385lab6/pt2/datapath.sv Line: 100
Info (12128): Elaborating entity "regs" for hierarchy "datapath:d0|regs:reg_r0_r7" File: C:/intelFPGA_lite/18.0/385/385lab6/pt2/datapath.sv Line: 129
Info (12128): Elaborating entity "ALU" for hierarchy "datapath:d0|ALU:alu" File: C:/intelFPGA_lite/18.0/385/385lab6/pt2/datapath.sv Line: 137
Info (12128): Elaborating entity "NZP" for hierarchy "datapath:d0|NZP:nzp" File: C:/intelFPGA_lite/18.0/385/385lab6/pt2/datapath.sv Line: 146
Info (12128): Elaborating entity "regBEN" for hierarchy "datapath:d0|regBEN:RegBEN" File: C:/intelFPGA_lite/18.0/385/385lab6/pt2/datapath.sv Line: 156
Info (12128): Elaborating entity "Mem2IO" for hierarchy "Mem2IO:memory_subsystem" File: C:/intelFPGA_lite/18.0/385/385lab6/pt2/slc3.sv Line: 93
Info (12128): Elaborating entity "tristate" for hierarchy "tristate:tr0" File: C:/intelFPGA_lite/18.0/385/385lab6/pt2/slc3.sv Line: 98
Info (12128): Elaborating entity "ISDU" for hierarchy "ISDU:state_controller" File: C:/intelFPGA_lite/18.0/385/385lab6/pt2/slc3.sv Line: 105
Warning (13024): Output pins are stuck at VCC or GND
    Warning (13410): Pin "CE" is stuck at GND File: C:/intelFPGA_lite/18.0/385/385lab6/pt2/slc3.sv Line: 24
    Warning (13410): Pin "UB" is stuck at GND File: C:/intelFPGA_lite/18.0/385/385lab6/pt2/slc3.sv Line: 24
    Warning (13410): Pin "LB" is stuck at GND File: C:/intelFPGA_lite/18.0/385/385lab6/pt2/slc3.sv Line: 24
    Warning (13410): Pin "ADDR[16]" is stuck at GND File: C:/intelFPGA_lite/18.0/385/385lab6/pt2/slc3.sv Line: 25
    Warning (13410): Pin "ADDR[17]" is stuck at GND File: C:/intelFPGA_lite/18.0/385/385lab6/pt2/slc3.sv Line: 25
    Warning (13410): Pin "ADDR[18]" is stuck at GND File: C:/intelFPGA_lite/18.0/385/385lab6/pt2/slc3.sv Line: 25
    Warning (13410): Pin "ADDR[19]" is stuck at GND File: C:/intelFPGA_lite/18.0/385/385lab6/pt2/slc3.sv Line: 25
Info (286030): Timing-Driven Synthesis is running
Info (17049): 5 registers lost all their fanouts during netlist optimizations.
Info (144001): Generated suppressed messages file C:/intelFPGA_lite/18.0/385/385lab6/pt2/output_files/pt2.map.smsg
Info (16010): Generating hard_block partition "hard_block:auto_generated_inst"
    Info (16011): Adding 0 node(s), including 0 DDIO, 0 PLL, 0 transceiver and 0 LCELL
Info (21057): Implemented 952 device resources after synthesis - the final resource count might be different
    Info (21058): Implemented 20 input pins
    Info (21059): Implemented 93 output pins
    Info (21060): Implemented 16 bidirectional pins
    Info (21061): Implemented 823 logic cells
Info: Quartus Prime Analysis & Synthesis was successful. 0 errors, 9 warnings
    Info: Peak virtual memory: 4772 megabytes
    Info: Processing ended: Fri Oct 12 10:57:30 2018
    Info: Elapsed time: 00:00:26
    Info: Total CPU time (on all processors): 00:00:49


+------------------------------------------+
; Analysis & Synthesis Suppressed Messages ;
+------------------------------------------+
The suppressed messages can be found in C:/intelFPGA_lite/18.0/385/385lab6/pt2/output_files/pt2.map.smsg.


